<?xml version="1.0" encoding="UTF-8"?>
<!-- Generated by org.testng.reporters.JUnitReportReporter -->
<testsuite skipped="0" hostname="LAPTOP-28OBU7UD" name="vtiger.Test_CreateProduct002" tests="2" failures="0" timestamp="2021-03-10T10:52:16 IST" time="68.862" errors="0">
  <testcase name="createProduct_withQuickCreate" time="38.971" classname="vtiger.Test_CreateProduct002"/>
  <system-out/>
  <testcase name="createQuickproduct_withTeamSales" time="29.891" classname="vtiger.Test_CreateProduct002"/>
  <system-out/>
</testsuite> <!-- vtiger.Test_CreateProduct002 -->
