<?xml version="1.0" encoding="UTF-8"?>
<!-- Generated by org.testng.reporters.JUnitReportReporter -->
<testsuite skipped="0" hostname="LAPTOP-28OBU7UD" name="vtiger.Test_CreateProduct" tests="2" failures="0" timestamp="2021-03-15T00:17:54 IST" time="50.065" errors="0">
  <testcase name="createProduct_without_active" time="14.012" classname="vtiger.Test_CreateProduct"/>
  <system-out/>
  <testcase name="createProduct" time="36.053" classname="vtiger.Test_CreateProduct"/>
  <system-out/>
</testsuite> <!-- vtiger.Test_CreateProduct -->
