<?xml version="1.0" encoding="UTF-8"?>
<!-- Generated by org.testng.reporters.JUnitReportReporter -->
<testsuite skipped="0" hostname="LAPTOP-28OBU7UD" name="vtiger.ReverseString" tests="1" failures="0" timestamp="2021-03-15T14:56:14 IST" time="0.005" errors="0">
  <testcase name="tc_001" time="0.005" classname="vtiger.ReverseString"/>
  <system-out/>
</testsuite> <!-- vtiger.ReverseString -->
